This file contains any messages produced by compilers while
running configure, to aid debugging if configure makes a mistake.

It was created by XMLStarlet configure 1.5.0, which was
generated by GNU Autoconf 2.69.  Invocation command line was

  $ ./configure --prefix=/mahan/webapps/htdocs/wikilogin/xml

## --------- ##
## Platform. ##
## --------- ##

hostname = web386.webfaction.com
uname -m = x86_64
uname -r = 2.6.32-358.6.1.el6.x86_64
uname -s = Linux
uname -v = #1 SMP Tue Apr 23 19:29:00 UTC 2013

/usr/bin/uname -p = unknown
/bin/uname -X     = unknown

/bin/arch              = x86_64
/usr/bin/arch -k       = unknown
/usr/convex/getsysinfo = unknown
/usr/bin/hostinfo      = unknown
/bin/machine           = unknown
/usr/bin/oslevel       = unknown
/bin/universe          = unknown

PATH: /usr/local/bin
PATH: /bin
PATH: /usr/bin
PATH: /usr/local/sbin
PATH: /usr/sbin
PATH: /sbin
PATH: /home/mahan/bin


## ----------- ##
## Core tests. ##
## ----------- ##

configure:2443: checking for a BSD-compatible install
configure:2511: result: /usr/bin/install -c
configure:2522: checking whether build environment is sane
configure:2577: result: yes
configure:2728: checking for a thread-safe mkdir -p
configure:2767: result: /bin/mkdir -p
configure:2774: checking for gawk
configure:2790: found /bin/gawk
configure:2801: result: gawk
configure:2812: checking whether make sets $(MAKE)
configure:2834: result: yes
configure:2863: checking whether make supports nested variables
configure:2880: result: yes
configure:2966: checking whether make supports nested variables
configure:2983: result: yes
configure:2995: checking whether to enable maintainer-specific portions of Makefiles
configure:3004: result: no
configure:3115: checking build system type
configure:3129: result: x86_64-unknown-linux-gnu
configure:3149: checking host system type
configure:3162: result: x86_64-unknown-linux-gnu
configure:3230: checking for gcc
configure:3246: found /usr/bin/gcc
configure:3257: result: gcc
configure:3486: checking for C compiler version
configure:3495: gcc --version >&5
gcc (GCC) 4.4.7 20120313 (Red Hat 4.4.7-3)
Copyright (C) 2010 Free Software Foundation, Inc.
This is free software; see the source for copying conditions.  There is NO
warranty; not even for MERCHANTABILITY or FITNESS FOR A PARTICULAR PURPOSE.

configure:3506: $? = 0
configure:3495: gcc -v >&5
Using built-in specs.
Target: x86_64-redhat-linux
Configured with: ../configure --prefix=/usr --mandir=/usr/share/man --infodir=/usr/share/info --with-bugurl=http://bugzilla.redhat.com/bugzilla --enable-bootstrap --enable-shared --enable-threads=posix --enable-checking=release --with-system-zlib --enable-__cxa_atexit --disable-libunwind-exceptions --enable-gnu-unique-object --enable-languages=c,c++,objc,obj-c++,java,fortran,ada --enable-java-awt=gtk --disable-dssi --with-java-home=/usr/lib/jvm/java-1.5.0-gcj-1.5.0.0/jre --enable-libgcj-multifile --enable-java-maintainer-mode --with-ecj-jar=/usr/share/java/eclipse-ecj.jar --disable-libjava-multilib --with-ppl --with-cloog --with-tune=generic --with-arch_32=i686 --build=x86_64-redhat-linux
Thread model: posix
gcc version 4.4.7 20120313 (Red Hat 4.4.7-3) (GCC) 
configure:3506: $? = 0
configure:3495: gcc -V >&5
gcc: '-V' option must have argument
configure:3506: $? = 1
configure:3495: gcc -qversion >&5
gcc: unrecognized option '-qversion'
gcc: no input files
configure:3506: $? = 1
configure:3526: checking whether the C compiler works
configure:3548: gcc    conftest.c  >&5
configure:3552: $? = 0
configure:3600: result: yes
configure:3603: checking for C compiler default output file name
configure:3605: result: a.out
configure:3611: checking for suffix of executables
configure:3618: gcc -o conftest    conftest.c  >&5
configure:3622: $? = 0
configure:3644: result: 
configure:3666: checking whether we are cross compiling
configure:3674: gcc -o conftest    conftest.c  >&5
configure:3678: $? = 0
configure:3685: ./conftest
configure:3689: $? = 0
configure:3704: result: no
configure:3709: checking for suffix of object files
configure:3731: gcc -c   conftest.c >&5
configure:3735: $? = 0
configure:3756: result: o
configure:3760: checking whether we are using the GNU C compiler
configure:3779: gcc -c   conftest.c >&5
configure:3779: $? = 0
configure:3788: result: yes
configure:3797: checking whether gcc accepts -g
configure:3817: gcc -c -g  conftest.c >&5
configure:3817: $? = 0
configure:3858: result: yes
configure:3875: checking for gcc option to accept ISO C89
configure:3938: gcc  -c -g -O2  conftest.c >&5
configure:3938: $? = 0
configure:3951: result: none needed
configure:3982: checking for style of include used by make
configure:4010: result: GNU
configure:4036: checking dependency style of gcc
configure:4147: result: gcc3
configure:4174: checking whether gcc and cc understand -c and -o together
configure:4205: gcc -c conftest.c -o conftest2.o >&5
configure:4209: $? = 0
configure:4215: gcc -c conftest.c -o conftest2.o >&5
configure:4219: $? = 0
configure:4230: cc -c conftest.c >&5
configure:4234: $? = 0
configure:4242: cc -c conftest.c -o conftest2.o >&5
configure:4246: $? = 0
configure:4252: cc -c conftest.c -o conftest2.o >&5
configure:4256: $? = 0
configure:4274: result: yes
configure:4299: checking for a sed that does not truncate output
configure:4363: result: /bin/sed
configure:4372: checking for gawk
configure:4399: result: gawk
configure:4422: checking for xml2-config
configure:4440: found /usr/bin/xml2-config
configure:4452: result: /usr/bin/xml2-config
configure:4480: using libxml-2.7.6
configure:4562: checking for xslt-config
configure:4580: found /usr/bin/xslt-config
configure:4592: result: /usr/bin/xslt-config
configure:4620: using libxslt-1.1.26
configure:4902: checking how to run the C preprocessor
configure:4933: gcc -E  conftest.c
configure:4933: $? = 0
configure:4947: gcc -E  conftest.c
conftest.c:9:28: error: ac_nonexistent.h: No such file or directory
configure:4947: $? = 1
configure: failed program was:
| /* confdefs.h */
| #define PACKAGE_NAME "XMLStarlet"
| #define PACKAGE_TARNAME "xmlstarlet"
| #define PACKAGE_VERSION "1.5.0"
| #define PACKAGE_STRING "XMLStarlet 1.5.0"
| #define PACKAGE_BUGREPORT "http://sourceforge.net/projects/xmlstar/support"
| #define PACKAGE_URL "http://xmlstar.sourceforge.net/"
| /* end confdefs.h.  */
| #include <ac_nonexistent.h>
configure:4972: result: gcc -E
configure:4992: gcc -E  conftest.c
configure:4992: $? = 0
configure:5006: gcc -E  conftest.c
conftest.c:9:28: error: ac_nonexistent.h: No such file or directory
configure:5006: $? = 1
configure: failed program was:
| /* confdefs.h */
| #define PACKAGE_NAME "XMLStarlet"
| #define PACKAGE_TARNAME "xmlstarlet"
| #define PACKAGE_VERSION "1.5.0"
| #define PACKAGE_STRING "XMLStarlet 1.5.0"
| #define PACKAGE_BUGREPORT "http://sourceforge.net/projects/xmlstar/support"
| #define PACKAGE_URL "http://xmlstar.sourceforge.net/"
| /* end confdefs.h.  */
| #include <ac_nonexistent.h>
configure:5035: checking for grep that handles long lines and -e
configure:5093: result: /bin/grep
configure:5098: checking for egrep
configure:5160: result: /bin/grep -E
configure:5165: checking for ANSI C header files
configure:5185: gcc -c -ansi -g -O2  conftest.c >&5
configure:5185: $? = 0
configure:5258: gcc -o conftest -ansi -g -O2   conftest.c  >&5
configure:5258: $? = 0
configure:5258: ./conftest
configure:5258: $? = 0
configure:5269: result: yes
configure:5282: checking for sys/types.h
configure:5282: gcc -c -ansi -g -O2  conftest.c >&5
configure:5282: $? = 0
configure:5282: result: yes
configure:5282: checking for sys/stat.h
configure:5282: gcc -c -ansi -g -O2  conftest.c >&5
configure:5282: $? = 0
configure:5282: result: yes
configure:5282: checking for stdlib.h
configure:5282: gcc -c -ansi -g -O2  conftest.c >&5
configure:5282: $? = 0
configure:5282: result: yes
configure:5282: checking for string.h
configure:5282: gcc -c -ansi -g -O2  conftest.c >&5
configure:5282: $? = 0
configure:5282: result: yes
configure:5282: checking for memory.h
configure:5282: gcc -c -ansi -g -O2  conftest.c >&5
configure:5282: $? = 0
configure:5282: result: yes
configure:5282: checking for strings.h
configure:5282: gcc -c -ansi -g -O2  conftest.c >&5
configure:5282: $? = 0
configure:5282: result: yes
configure:5282: checking for inttypes.h
configure:5282: gcc -c -ansi -g -O2  conftest.c >&5
configure:5282: $? = 0
configure:5282: result: yes
configure:5282: checking for stdint.h
configure:5282: gcc -c -ansi -g -O2  conftest.c >&5
configure:5282: $? = 0
configure:5282: result: yes
configure:5282: checking for unistd.h
configure:5282: gcc -c -ansi -g -O2  conftest.c >&5
configure:5282: $? = 0
configure:5282: result: yes
configure:5294: checking whether lstat correctly handles trailing slash
configure:5320: gcc -o conftest -ansi -g -O2   conftest.c  >&5
configure:5320: $? = 0
configure:5320: ./conftest
configure:5320: $? = 0
configure:5337: result: yes
configure:5358: checking for stdlib.h
configure:5358: result: yes
configure:5368: checking for GNU libc compatible malloc
configure:5392: gcc -o conftest -ansi -g -O2   conftest.c  >&5
configure:5392: $? = 0
configure:5392: ./conftest
configure:5392: $? = 0
configure:5402: result: yes
configure:5425: checking for stdlib.h
configure:5425: result: yes
configure:5435: checking for GNU libc compatible realloc
configure:5459: gcc -o conftest -ansi -g -O2   conftest.c  >&5
configure:5459: $? = 0
configure:5459: ./conftest
configure:5459: $? = 0
configure:5469: result: yes
configure:5490: checking for mode_t
configure:5490: gcc -c -ansi -g -O2  conftest.c >&5
configure:5490: $? = 0
configure:5490: gcc -c -ansi -g -O2  conftest.c >&5
conftest.c: In function 'main':
conftest.c:60: error: expected expression before ')' token
configure:5490: $? = 1
configure: failed program was:
| /* confdefs.h */
| #define PACKAGE_NAME "XMLStarlet"
| #define PACKAGE_TARNAME "xmlstarlet"
| #define PACKAGE_VERSION "1.5.0"
| #define PACKAGE_STRING "XMLStarlet 1.5.0"
| #define PACKAGE_BUGREPORT "http://sourceforge.net/projects/xmlstar/support"
| #define PACKAGE_URL "http://xmlstar.sourceforge.net/"
| #define STDC_HEADERS 1
| #define HAVE_SYS_TYPES_H 1
| #define HAVE_SYS_STAT_H 1
| #define HAVE_STDLIB_H 1
| #define HAVE_STRING_H 1
| #define HAVE_MEMORY_H 1
| #define HAVE_STRINGS_H 1
| #define HAVE_INTTYPES_H 1
| #define HAVE_STDINT_H 1
| #define HAVE_UNISTD_H 1
| #define LSTAT_FOLLOWS_SLASHED_SYMLINK 1
| #define HAVE_STDLIB_H 1
| #define HAVE_MALLOC 1
| #define HAVE_STDLIB_H 1
| #define HAVE_REALLOC 1
| /* end confdefs.h.  */
| #include <stdio.h>
| #ifdef HAVE_SYS_TYPES_H
| # include <sys/types.h>
| #endif
| #ifdef HAVE_SYS_STAT_H
| # include <sys/stat.h>
| #endif
| #ifdef STDC_HEADERS
| # include <stdlib.h>
| # include <stddef.h>
| #else
| # ifdef HAVE_STDLIB_H
| #  include <stdlib.h>
| # endif
| #endif
| #ifdef HAVE_STRING_H
| # if !defined STDC_HEADERS && defined HAVE_MEMORY_H
| #  include <memory.h>
| # endif
| # include <string.h>
| #endif
| #ifdef HAVE_STRINGS_H
| # include <strings.h>
| #endif
| #ifdef HAVE_INTTYPES_H
| # include <inttypes.h>
| #endif
| #ifdef HAVE_STDINT_H
| # include <stdint.h>
| #endif
| #ifdef HAVE_UNISTD_H
| # include <unistd.h>
| #endif
| int
| main ()
| {
| if (sizeof ((mode_t)))
| 	    return 0;
|   ;
|   return 0;
| }
configure:5490: result: yes
configure:5501: checking for size_t
configure:5501: gcc -c -ansi -g -O2  conftest.c >&5
configure:5501: $? = 0
configure:5501: gcc -c -ansi -g -O2  conftest.c >&5
conftest.c: In function 'main':
conftest.c:60: error: expected expression before ')' token
configure:5501: $? = 1
configure: failed program was:
| /* confdefs.h */
| #define PACKAGE_NAME "XMLStarlet"
| #define PACKAGE_TARNAME "xmlstarlet"
| #define PACKAGE_VERSION "1.5.0"
| #define PACKAGE_STRING "XMLStarlet 1.5.0"
| #define PACKAGE_BUGREPORT "http://sourceforge.net/projects/xmlstar/support"
| #define PACKAGE_URL "http://xmlstar.sourceforge.net/"
| #define STDC_HEADERS 1
| #define HAVE_SYS_TYPES_H 1
| #define HAVE_SYS_STAT_H 1
| #define HAVE_STDLIB_H 1
| #define HAVE_STRING_H 1
| #define HAVE_MEMORY_H 1
| #define HAVE_STRINGS_H 1
| #define HAVE_INTTYPES_H 1
| #define HAVE_STDINT_H 1
| #define HAVE_UNISTD_H 1
| #define LSTAT_FOLLOWS_SLASHED_SYMLINK 1
| #define HAVE_STDLIB_H 1
| #define HAVE_MALLOC 1
| #define HAVE_STDLIB_H 1
| #define HAVE_REALLOC 1
| /* end confdefs.h.  */
| #include <stdio.h>
| #ifdef HAVE_SYS_TYPES_H
| # include <sys/types.h>
| #endif
| #ifdef HAVE_SYS_STAT_H
| # include <sys/stat.h>
| #endif
| #ifdef STDC_HEADERS
| # include <stdlib.h>
| # include <stddef.h>
| #else
| # ifdef HAVE_STDLIB_H
| #  include <stdlib.h>
| # endif
| #endif
| #ifdef HAVE_STRING_H
| # if !defined STDC_HEADERS && defined HAVE_MEMORY_H
| #  include <memory.h>
| # endif
| # include <string.h>
| #endif
| #ifdef HAVE_STRINGS_H
| # include <strings.h>
| #endif
| #ifdef HAVE_INTTYPES_H
| # include <inttypes.h>
| #endif
| #ifdef HAVE_STDINT_H
| # include <stdint.h>
| #endif
| #ifdef HAVE_UNISTD_H
| # include <unistd.h>
| #endif
| int
| main ()
| {
| if (sizeof ((size_t)))
| 	    return 0;
|   ;
|   return 0;
| }
configure:5501: result: yes
configure:6090: checking for lstat
configure:6090: gcc -o conftest -ansi -g -O2   conftest.c  >&5
configure:6090: $? = 0
configure:6090: result: yes
configure:6090: checking for stat
configure:6090: gcc -o conftest -ansi -g -O2   conftest.c  >&5
configure:6090: $? = 0
configure:6090: result: yes
configure:6090: checking for setmode
configure:6090: gcc -o conftest -ansi -g -O2   conftest.c  >&5
/tmp/cc0rZzkq.o: In function `main':
/home/mahan/webapps/htdocs/wikilogin/xmlstarlet-1.5.0/conftest.c:60: undefined reference to `setmode'
collect2: ld returned 1 exit status
configure:6090: $? = 1
configure: failed program was:
| /* confdefs.h */
| #define PACKAGE_NAME "XMLStarlet"
| #define PACKAGE_TARNAME "xmlstarlet"
| #define PACKAGE_VERSION "1.5.0"
| #define PACKAGE_STRING "XMLStarlet 1.5.0"
| #define PACKAGE_BUGREPORT "http://sourceforge.net/projects/xmlstar/support"
| #define PACKAGE_URL "http://xmlstar.sourceforge.net/"
| #define STDC_HEADERS 1
| #define HAVE_SYS_TYPES_H 1
| #define HAVE_SYS_STAT_H 1
| #define HAVE_STDLIB_H 1
| #define HAVE_STRING_H 1
| #define HAVE_MEMORY_H 1
| #define HAVE_STRINGS_H 1
| #define HAVE_INTTYPES_H 1
| #define HAVE_STDINT_H 1
| #define HAVE_UNISTD_H 1
| #define LSTAT_FOLLOWS_SLASHED_SYMLINK 1
| #define HAVE_STDLIB_H 1
| #define HAVE_MALLOC 1
| #define HAVE_STDLIB_H 1
| #define HAVE_REALLOC 1
| #define HAVE_LSTAT 1
| #define HAVE_STAT 1
| /* end confdefs.h.  */
| /* Define setmode to an innocuous variant, in case <limits.h> declares setmode.
|    For example, HP-UX 11i <limits.h> declares gettimeofday.  */
| #define setmode innocuous_setmode
| 
| /* System header to define __stub macros and hopefully few prototypes,
|     which can conflict with char setmode (); below.
|     Prefer <limits.h> to <assert.h> if __STDC__ is defined, since
|     <limits.h> exists even on freestanding compilers.  */
| 
| #ifdef __STDC__
| # include <limits.h>
| #else
| # include <assert.h>
| #endif
| 
| #undef setmode
| 
| /* Override any GCC internal prototype to avoid an error.
|    Use char because int might match the return type of a GCC
|    builtin and then its argument prototype would still apply.  */
| #ifdef __cplusplus
| extern "C"
| #endif
| char setmode ();
| /* The GNU C library defines this for functions which it implements
|     to always fail with ENOSYS.  Some functions are actually named
|     something starting with __ and the normal name is an alias.  */
| #if defined __stub_setmode || defined __stub___setmode
| choke me
| #endif
| 
| int
| main ()
| {
| return setmode ();
|   ;
|   return 0;
| }
configure:6090: result: no
configure:6105: checking whether O_BINARY is declared
configure:6105: gcc -c -ansi -g -O2  conftest.c >&5
conftest.c:27:16: error: io.h: No such file or directory
conftest.c: In function 'main':
conftest.c:38: error: 'O_BINARY' undeclared (first use in this function)
conftest.c:38: error: (Each undeclared identifier is reported only once
conftest.c:38: error: for each function it appears in.)
configure:6105: $? = 1
configure: failed program was:
| /* confdefs.h */
| #define PACKAGE_NAME "XMLStarlet"
| #define PACKAGE_TARNAME "xmlstarlet"
| #define PACKAGE_VERSION "1.5.0"
| #define PACKAGE_STRING "XMLStarlet 1.5.0"
| #define PACKAGE_BUGREPORT "http://sourceforge.net/projects/xmlstar/support"
| #define PACKAGE_URL "http://xmlstar.sourceforge.net/"
| #define STDC_HEADERS 1
| #define HAVE_SYS_TYPES_H 1
| #define HAVE_SYS_STAT_H 1
| #define HAVE_STDLIB_H 1
| #define HAVE_STRING_H 1
| #define HAVE_MEMORY_H 1
| #define HAVE_STRINGS_H 1
| #define HAVE_INTTYPES_H 1
| #define HAVE_STDINT_H 1
| #define HAVE_UNISTD_H 1
| #define LSTAT_FOLLOWS_SLASHED_SYMLINK 1
| #define HAVE_STDLIB_H 1
| #define HAVE_MALLOC 1
| #define HAVE_STDLIB_H 1
| #define HAVE_REALLOC 1
| #define HAVE_LSTAT 1
| #define HAVE_STAT 1
| /* end confdefs.h.  */
| 
| #include <io.h>
| #include <fcntl.h>
| 
| 
| int
| main ()
| {
| #ifndef O_BINARY
| #ifdef __cplusplus
|   (void) O_BINARY;
| #else
|   (void) O_BINARY;
| #endif
| #endif
| 
|   ;
|   return 0;
| }
configure:6105: result: no
configure:6127: checking whether exsltDateXpathCtxtRegister is declared
configure:6127: gcc -c -ansi -g -O2 -I/usr/include -I/usr/include/libxml2  conftest.c >&5
configure:6127: $? = 0
configure:6127: result: yes
configure:6299: checking that generated files are newer than configure
configure:6305: result: done
configure:6360: creating ./config.status

## ---------------------- ##
## Running config.status. ##
## ---------------------- ##

This file was extended by XMLStarlet config.status 1.5.0, which was
generated by GNU Autoconf 2.69.  Invocation command line was

  CONFIG_FILES    = 
  CONFIG_HEADERS  = 
  CONFIG_LINKS    = 
  CONFIG_COMMANDS = 
  $ ./config.status 

on web386.webfaction.com

config.status:902: creating xmlstarlet.spec
config.status:902: creating Makefile
config.status:902: creating solaris/package/sol8-sparc/pkginfo
config.status:902: creating solaris/package/sol9-sparc/pkginfo
config.status:902: creating config.h
config.status:1131: executing depfiles commands

## ---------------- ##
## Cache variables. ##
## ---------------- ##

ac_cv_build=x86_64-unknown-linux-gnu
ac_cv_c_compiler_gnu=yes
ac_cv_env_CC_set=
ac_cv_env_CC_value=
ac_cv_env_CFLAGS_set=
ac_cv_env_CFLAGS_value=
ac_cv_env_CPPFLAGS_set=
ac_cv_env_CPPFLAGS_value=
ac_cv_env_CPP_set=
ac_cv_env_CPP_value=
ac_cv_env_LDFLAGS_set=
ac_cv_env_LDFLAGS_value=
ac_cv_env_LIBS_set=
ac_cv_env_LIBS_value=
ac_cv_env_build_alias_set=
ac_cv_env_build_alias_value=
ac_cv_env_host_alias_set=
ac_cv_env_host_alias_value=
ac_cv_env_target_alias_set=
ac_cv_env_target_alias_value=
ac_cv_func_lstat=yes
ac_cv_func_lstat_dereferences_slashed_symlink=yes
ac_cv_func_malloc_0_nonnull=yes
ac_cv_func_realloc_0_nonnull=yes
ac_cv_func_setmode=no
ac_cv_func_stat=yes
ac_cv_have_decl_O_BINARY=no
ac_cv_have_decl_exsltDateXpathCtxtRegister=yes
ac_cv_header_inttypes_h=yes
ac_cv_header_memory_h=yes
ac_cv_header_stdc=yes
ac_cv_header_stdint_h=yes
ac_cv_header_stdlib_h=yes
ac_cv_header_string_h=yes
ac_cv_header_strings_h=yes
ac_cv_header_sys_stat_h=yes
ac_cv_header_sys_types_h=yes
ac_cv_header_unistd_h=yes
ac_cv_host=x86_64-unknown-linux-gnu
ac_cv_objext=o
ac_cv_path_EGREP='/bin/grep -E'
ac_cv_path_GREP=/bin/grep
ac_cv_path_LIBXML_CONFIG=/usr/bin/xml2-config
ac_cv_path_LIBXSLT_CONFIG=/usr/bin/xslt-config
ac_cv_path_SED=/bin/sed
ac_cv_path_install='/usr/bin/install -c'
ac_cv_path_mkdir=/bin/mkdir
ac_cv_prog_AWK=gawk
ac_cv_prog_CPP='gcc -E'
ac_cv_prog_ac_ct_CC=gcc
ac_cv_prog_cc_c89=
ac_cv_prog_cc_g=yes
ac_cv_prog_cc_gcc_c_o=yes
ac_cv_prog_make_make_set=yes
ac_cv_type_mode_t=yes
ac_cv_type_size_t=yes
am_cv_CC_dependencies_compiler_type=gcc3
am_cv_make_support_nested_variables=yes

## ----------------- ##
## Output variables. ##
## ----------------- ##

ACLOCAL='${SHELL} /home/mahan/webapps/htdocs/wikilogin/xmlstarlet-1.5.0/missing aclocal-1.13'
AMDEPBACKSLASH='\'
AMDEP_FALSE='#'
AMDEP_TRUE=''
AMTAR='$${TAR-tar}'
AM_BACKSLASH='\'
AM_CPPFLAGS='-I/usr/include -I/usr/include/libxml2'
AM_DEFAULT_V='$(AM_DEFAULT_VERBOSITY)'
AM_DEFAULT_VERBOSITY='0'
AM_LDFLAGS='-L/usr/lib -L/usr/lib'
AM_V='$(V)'
AUTOCONF='${SHELL} /home/mahan/webapps/htdocs/wikilogin/xmlstarlet-1.5.0/missing autoconf'
AUTOHEADER='${SHELL} /home/mahan/webapps/htdocs/wikilogin/xmlstarlet-1.5.0/missing autoheader'
AUTOMAKE='${SHELL} /home/mahan/webapps/htdocs/wikilogin/xmlstarlet-1.5.0/missing automake-1.13'
AWK='gawk'
BUILD_DOCS_FALSE=''
BUILD_DOCS_TRUE='#'
CC='gcc'
CCDEPMODE='depmode=gcc3'
CFLAGS='-ansi -g -O2'
CPP='gcc -E'
CPPFLAGS=''
CYGPATH_W='echo'
DEFS='-DHAVE_CONFIG_H'
DEPDIR='.deps'
ECHO_C=''
ECHO_N='-n'
ECHO_T=''
EGREP='/bin/grep -E'
EXEEXT=''
FOP=''
GCC_FALSE='#'
GCC_TRUE=''
GREP='/bin/grep'
HAVE_EXSLT_XPATH_REGISTER_FALSE='#'
HAVE_EXSLT_XPATH_REGISTER_TRUE=''
HAVE_FOP_FALSE=''
HAVE_FOP_TRUE='#'
HAVE_PDF2PS_FALSE=''
HAVE_PDF2PS_TRUE='#'
INSTALL_DATA='${INSTALL} -m 644'
INSTALL_PROGRAM='${INSTALL}'
INSTALL_SCRIPT='${INSTALL}'
INSTALL_STRIP_PROGRAM='$(install_sh) -c -s'
LDADD='-lexslt -lxslt -lxml2  '
LDFLAGS=''
LIBOBJS=''
LIBS=''
LIBXML_CONFIG='/usr/bin/xml2-config'
LIBXML_REQUIRED_VERSION='2.6.27'
LIBXSLT_CONFIG='/usr/bin/xslt-config'
LIBXSLT_REQUIRED_VERSION='1.1.9'
LTLIBOBJS=''
MAINT='#'
MAINTAINER_MODE_FALSE=''
MAINTAINER_MODE_TRUE='#'
MAKEINFO='${SHELL} /home/mahan/webapps/htdocs/wikilogin/xmlstarlet-1.5.0/missing makeinfo'
MKDIR_P='/bin/mkdir -p'
OBJEXT='o'
PACKAGE='xmlstarlet'
PACKAGE_BUGREPORT='http://sourceforge.net/projects/xmlstar/support'
PACKAGE_NAME='XMLStarlet'
PACKAGE_STRING='XMLStarlet 1.5.0'
PACKAGE_TARNAME='xmlstarlet'
PACKAGE_URL='http://xmlstar.sourceforge.net/'
PACKAGE_VERSION='1.5.0'
PATH_SEPARATOR=':'
PDF2PS=''
SED='/bin/sed'
SET_MAKE=''
SHELL='/bin/sh'
STRIP=''
VERSION='1.5.0'
V_DOCBOOK='$(V_DOCBOOK_$(V))'
V_DOCBOOK_0='@echo "  DBOOK	 $@";'
V_DOCBOOK_='$(V_DOCBOOK_0)'
V_FOP='$(V_FOP_$(V))'
V_FOP_0='@echo "  FOP	 $@";'
V_FOP_='$(V_FOP_0)'
XSLTPROC=''
ac_ct_CC='gcc'
am__EXEEXT_FALSE=''
am__EXEEXT_TRUE='#'
am__fastdepCC_FALSE='#'
am__fastdepCC_TRUE=''
am__include='include'
am__isrc=''
am__leading_dot='.'
am__nodep='_no'
am__quote=''
am__tar='$${TAR-tar} chof - "$$tardir"'
am__untar='$${TAR-tar} xf -'
bindir='${exec_prefix}/bin'
build='x86_64-unknown-linux-gnu'
build_alias=''
build_cpu='x86_64'
build_os='linux-gnu'
build_vendor='unknown'
datadir='${datarootdir}'
datarootdir='${prefix}/share'
docdir='${datarootdir}/doc/${PACKAGE_TARNAME}'
dvidir='${docdir}'
exec_prefix='${prefix}'
host='x86_64-unknown-linux-gnu'
host_alias=''
host_cpu='x86_64'
host_os='linux-gnu'
host_vendor='unknown'
htmldir='${docdir}'
includedir='${prefix}/include'
infodir='${datarootdir}/info'
install_sh='${SHELL} /home/mahan/webapps/htdocs/wikilogin/xmlstarlet-1.5.0/install-sh'
libdir='${exec_prefix}/lib'
libexecdir='${exec_prefix}/libexec'
localedir='${datarootdir}/locale'
localstatedir='${prefix}/var'
mandir='${datarootdir}/man'
mkdir_p='$(MKDIR_P)'
oldincludedir='/usr/include'
pdfdir='${docdir}'
prefix='/mahan/webapps/htdocs/wikilogin/xml'
program_transform_name='s,x,x,'
psdir='${docdir}'
sbindir='${exec_prefix}/sbin'
sharedstatedir='${prefix}/com'
sysconfdir='${prefix}/etc'
target_alias=''

## ----------- ##
## confdefs.h. ##
## ----------- ##

/* confdefs.h */
#define PACKAGE_NAME "XMLStarlet"
#define PACKAGE_TARNAME "xmlstarlet"
#define PACKAGE_VERSION "1.5.0"
#define PACKAGE_STRING "XMLStarlet 1.5.0"
#define PACKAGE_BUGREPORT "http://sourceforge.net/projects/xmlstar/support"
#define PACKAGE_URL "http://xmlstar.sourceforge.net/"
#define STDC_HEADERS 1
#define HAVE_SYS_TYPES_H 1
#define HAVE_SYS_STAT_H 1
#define HAVE_STDLIB_H 1
#define HAVE_STRING_H 1
#define HAVE_MEMORY_H 1
#define HAVE_STRINGS_H 1
#define HAVE_INTTYPES_H 1
#define HAVE_STDINT_H 1
#define HAVE_UNISTD_H 1
#define LSTAT_FOLLOWS_SLASHED_SYMLINK 1
#define HAVE_STDLIB_H 1
#define HAVE_MALLOC 1
#define HAVE_STDLIB_H 1
#define HAVE_REALLOC 1
#define HAVE_LSTAT 1
#define HAVE_STAT 1
#define HAVE_DECL_O_BINARY 0
#define HAVE_EXSLT_XPATH_REGISTER 1
#define _XOPEN_SOURCE 500

configure: exit 0
